<?xml version="1.0" encoding="UTF-8" ?>
<testsuite tests="8" failures="0" name="Receiver.ReceiverTest" time="0.039" errors="0" skipped="0">
  <properties>
    <property name="java.runtime.name" value="Java(TM) SE Runtime Environment"/>
    <property name="sun.boot.library.path" value="C:\Program Files (x86)\Java\jdk1.8.0_102\jre\bin"/>
    <property name="java.vm.version" value="25.102-b14"/>
    <property name="java.vm.vendor" value="Oracle Corporation"/>
    <property name="maven.multiModuleProjectDirectory" value="D:\BootCamp\review-case-s3b9"/>
    <property name="java.vendor.url" value="http://java.oracle.com/"/>
    <property name="path.separator" value=";"/>
    <property name="guice.disable.misplaced.annotation.check" value="true"/>
    <property name="java.vm.name" value="Java HotSpot(TM) Client VM"/>
    <property name="file.encoding.pkg" value="sun.io"/>
    <property name="user.script" value=""/>
    <property name="user.country" value="IN"/>
    <property name="sun.java.launcher" value="SUN_STANDARD"/>
    <property name="sun.os.patch.level" value=""/>
    <property name="java.vm.specification.name" value="Java Virtual Machine Specification"/>
    <property name="user.dir" value="D:\BootCamp\review-case-s3b9"/>
    <property name="java.runtime.version" value="1.8.0_102-b14"/>
    <property name="java.awt.graphicsenv" value="sun.awt.Win32GraphicsEnvironment"/>
    <property name="java.endorsed.dirs" value="C:\Program Files (x86)\Java\jdk1.8.0_102\jre\lib\endorsed"/>
    <property name="os.arch" value="x86"/>
    <property name="java.io.tmpdir" value="C:\Users\CG-DTE\AppData\Local\Temp\"/>
    <property name="line.separator" value="
"/>
    <property name="java.vm.specification.vendor" value="Oracle Corporation"/>
    <property name="user.variant" value=""/>
    <property name="os.name" value="Windows 10"/>
    <property name="classworlds.conf" value="D:\jaltantra_web\WorkSpace\.metadata\.plugins\org.eclipse.m2e.launching\launches\m2conf9733680154081688033.tmp"/>
    <property name="sun.jnu.encoding" value="Cp1252"/>
    <property name="java.library.path" value="C:\Program Files (x86)\Java\jdk1.8.0_102\bin;C:\WINDOWS\Sun\Java\bin;C:\WINDOWS\system32;C:\WINDOWS;C:/Program Files/Amazon Corretto/jdk11.0.7_10/bin/server;C:/Program Files/Amazon Corretto/jdk11.0.7_10/bin;C:\oraclexe\app\oracle\product\11.2.0\server\bin;;C:\Python38\Scripts\;C:\Python38\;C:\Program Files\Amazon Corretto\jdk11.0.7_10\bin;C:\WINDOWS\system32;C:\WINDOWS;C:\WINDOWS\System32\Wbem;C:\WINDOWS\System32\WindowsPowerShell\v1.0\;C:\Program Files\Intel\WiFi\bin\;C:\Program Files\Common Files\Intel\WirelessCommon\;C:\WINDOWS\System32\OpenSSH\;C:\Program Files\Java\jdk-12.0.1\bin;C:\soft\or-tools_VisualStudio2017-64bit_v7.1.6720\lib;C:\Program Files\Microsoft SQL Server\110\Tools\Binn\;C:\Program Files (x86)\Microsoft SDKs\TypeScript\1.0\;C:\Program Files\Microsoft SQL Server\120\Tools\Binn\;C:\Program Files\Git\cmd;C:\ProgramData\chocolatey\bin;C:\Program Files\OpenJDK\openjdk-11.0.8_10\bin;C:\Program Files\dotnet\;C:\Program Files\nodejs\;C:\Users\CG-DTE\Downloads\Philips Bootcamp\apache-maven-3.6.3\bin;D:\eclipse;;."/>
    <property name="java.specification.name" value="Java Platform API Specification"/>
    <property name="java.class.version" value="52.0"/>
    <property name="sun.management.compiler" value="HotSpot Client Compiler"/>
    <property name="os.version" value="10.0"/>
    <property name="user.home" value="C:\Users\CG-DTE"/>
    <property name="user.timezone" value="Asia/Calcutta"/>
    <property name="java.awt.printerjob" value="sun.awt.windows.WPrinterJob"/>
    <property name="java.specification.version" value="1.8"/>
    <property name="file.encoding" value="Cp1252"/>
    <property name="user.name" value="CG-DTE"/>
    <property name="java.class.path" value="D:\eclipse\plugins\org.eclipse.m2e.maven.runtime_1.12.0.20190529-1915\jars\plexus-classworlds-2.6.0.jar"/>
    <property name="java.vm.specification.version" value="1.8"/>
    <property name="sun.arch.data.model" value="32"/>
    <property name="java.home" value="C:\Program Files (x86)\Java\jdk1.8.0_102\jre"/>
    <property name="sun.java.command" value="org.codehaus.plexus.classworlds.launcher.Launcher -B install"/>
    <property name="java.specification.vendor" value="Oracle Corporation"/>
    <property name="user.language" value="en"/>
    <property name="awt.toolkit" value="sun.awt.windows.WToolkit"/>
    <property name="java.vm.info" value="mixed mode, sharing"/>
    <property name="java.version" value="1.8.0_102"/>
    <property name="java.ext.dirs" value="C:\Program Files (x86)\Java\jdk1.8.0_102\jre\lib\ext;C:\WINDOWS\Sun\Java\lib\ext"/>
    <property name="sun.boot.class.path" value="C:\Program Files (x86)\Java\jdk1.8.0_102\jre\lib\resources.jar;C:\Program Files (x86)\Java\jdk1.8.0_102\jre\lib\rt.jar;C:\Program Files (x86)\Java\jdk1.8.0_102\jre\lib\sunrsasign.jar;C:\Program Files (x86)\Java\jdk1.8.0_102\jre\lib\jsse.jar;C:\Program Files (x86)\Java\jdk1.8.0_102\jre\lib\jce.jar;C:\Program Files (x86)\Java\jdk1.8.0_102\jre\lib\charsets.jar;C:\Program Files (x86)\Java\jdk1.8.0_102\jre\lib\jfr.jar;C:\Program Files (x86)\Java\jdk1.8.0_102\jre\classes"/>
    <property name="java.vendor" value="Oracle Corporation"/>
    <property name="maven.home" value="D:\BootCamp\review-case-s3b9\EMBEDDED"/>
    <property name="file.separator" value="\"/>
    <property name="java.vendor.url.bug" value="http://bugreport.sun.com/bugreport/"/>
    <property name="sun.cpu.endian" value="little"/>
    <property name="sun.io.unicode.encoding" value="UnicodeLittle"/>
    <property name="sun.desktop" value="windows"/>
    <property name="sun.cpu.isalist" value=""/>
  </properties>
  <testcase classname="Receiver.ReceiverTest" name="ReadInputFromConsoleThenCheckIfInputIsNotNull" time="0.008"/>
  <testcase classname="Receiver.ReceiverTest" name="testMain" time="0.03"/>
  <testcase classname="Receiver.ReceiverTest" name="parseLineFromCSVTestForNull" time="0.001"/>
  <testcase classname="Receiver.ReceiverTest" name="ReadInputFromConsoleThenCheckIfInputIsNull" time="0"/>
  <testcase classname="Receiver.ReceiverTest" name="parseLineFromCSVTestTest2" time="0"/>
  <testcase classname="Receiver.ReceiverTest" name="countOccurancesOfWordTest" time="0"/>
  <testcase classname="Receiver.ReceiverTest" name="parseLineFromCSVTestTest" time="0"/>
  <testcase classname="Receiver.ReceiverTest" name="tokenizerTest" time="0"/>
</testsuite>